<?xml version="1.0" encoding="UTF-8"?>
<!-- Generated by org.testng.reporters.JUnitReportReporter -->
<testsuite hostname="LAPTOP-VOJN5C2S" failures="0" tests="8" name="com.qa.test.getAPITest" time="1.892" errors="0" timestamp="10 Jul 2020 13:24:13 GMT" skipped="0">
  <testcase classname="com.qa.test.getAPITest" name="GetLoginAPI" time="0.670"/>
  <testcase classname="com.qa.test.getAPITest" name="GetGeoFencesAPI" time="0.157"/>
  <testcase classname="com.qa.test.getAPITest" name="GetViewCalenderAPI" time="0.272"/>
  <testcase classname="com.qa.test.getAPITest" name="GetOptHolidayAPI" time="0.178"/>
  <testcase classname="com.qa.test.getAPITest" name="GetFeedbackMonthlyAPI" time="0.161"/>
  <testcase classname="com.qa.test.getAPITest" name="GetAttendanceAPI" time="0.149"/>
  <testcase classname="com.qa.test.getAPITest" name="GetManualPunchAPI" time="0.134"/>
  <testcase classname="com.qa.test.getAPITest" name="GetPresentAPI" time="0.171"/>
</testsuite> <!-- com.qa.test.getAPITest -->
