<?xml version="1.0" encoding="UTF-8"?>
<!-- Generated by org.testng.reporters.JUnitReportReporter -->
<testsuite hostname="LAPTOP-VOJN5C2S" failures="0" tests="6" name="com.qa.test.getAPITest" time="1.625" errors="0" timestamp="10 Jul 2020 10:49:42 GMT" skipped="0">
  <testcase classname="com.qa.test.getAPITest" name="GetLoginAPI" time="0.728"/>
  <testcase classname="com.qa.test.getAPITest" name="GetGeoFencesAPI" time="0.156"/>
  <testcase classname="com.qa.test.getAPITest" name="GetViewCalenderAPI" time="0.266"/>
  <testcase classname="com.qa.test.getAPITest" name="GetOptHolidayAPI" time="0.161"/>
  <testcase classname="com.qa.test.getAPITest" name="GetFeedbackMonthlyAPI" time="0.162"/>
  <testcase classname="com.qa.test.getAPITest" name="GetAttendanceAPI" time="0.152"/>
</testsuite> <!-- com.qa.test.getAPITest -->
