<?xml version="1.0" encoding="UTF-8"?>
<!-- Generated by org.testng.reporters.JUnitReportReporter -->
<testsuite hostname="LAPTOP-VOJN5C2S" failures="0" tests="4" name="com.qa.test.getAPITest" time="1.326" errors="0" timestamp="09 Jul 2020 13:01:54 GMT" skipped="0">
  <testcase classname="com.qa.test.getAPITest" name="GetLoginAPI" time="0.672"/>
  <testcase classname="com.qa.test.getAPITest" name="GetGeoFencesAPI" time="0.157"/>
  <testcase classname="com.qa.test.getAPITest" name="GetViewCalenderAPI" time="0.290"/>
  <testcase classname="com.qa.test.getAPITest" name="GetOptHolidayAPI" time="0.207"/>
</testsuite> <!-- com.qa.test.getAPITest -->
