<?xml version="1.0" encoding="UTF-8"?>
<!-- Generated by org.testng.reporters.JUnitReportReporter -->
<testsuite hostname="LAPTOP-VOJN5C2S" failures="0" tests="2" name="getRequest.LoginGetData" time="2.010" errors="0" timestamp="06 Jul 2020 11:51:52 GMT" skipped="0">
  <testcase classname="getRequest.LoginGetData" name="testResponseCode" time="1.132"/>
  <testcase classname="getRequest.LoginGetData" name="testOptHolidays" time="0.878"/>
</testsuite> <!-- getRequest.LoginGetData -->
