<?xml version="1.0" encoding="UTF-8"?>
<!-- Generated by org.testng.reporters.JUnitReportReporter -->
<testsuite hostname="LAPTOP-VOJN5C2S" failures="0" tests="8" name="com.qa.test.getAPITest" time="2.301" errors="0" timestamp="10 Jul 2020 14:46:34 GMT" skipped="0">
  <testcase classname="com.qa.test.getAPITest" name="GetLoginAPI" time="0.652"/>
  <testcase classname="com.qa.test.getAPITest" name="GetGeoFencesAPI" time="0.157"/>
  <testcase classname="com.qa.test.getAPITest" name="GetViewCalenderAPI" time="0.347"/>
  <testcase classname="com.qa.test.getAPITest" name="GetOptHolidayAPI" time="0.150"/>
  <testcase classname="com.qa.test.getAPITest" name="GetFeedbackMonthlyAPI" time="0.147"/>
  <testcase classname="com.qa.test.getAPITest" name="GetAttendanceAPI" time="0.248"/>
  <testcase classname="com.qa.test.getAPITest" name="GetManualPunchAPI" time="0.438"/>
  <testcase classname="com.qa.test.getAPITest" name="GetPresentAPI" time="0.162"/>
</testsuite> <!-- com.qa.test.getAPITest -->
