<?xml version="1.0" encoding="UTF-8"?>
<!-- Generated by org.testng.reporters.JUnitReportReporter -->
<testsuite hostname="LAPTOP-VOJN5C2S" failures="0" tests="10" name="com.qa.test.getAPITest" time="2.239" errors="0" timestamp="13 Jul 2020 06:24:00 GMT" skipped="0">
  <testcase classname="com.qa.test.getAPITest" name="GetLoginAPI" time="0.648"/>
  <testcase classname="com.qa.test.getAPITest" name="GetGeoFencesAPI" time="0.164"/>
  <testcase classname="com.qa.test.getAPITest" name="GetViewCalenderAPI" time="0.288"/>
  <testcase classname="com.qa.test.getAPITest" name="GetOptHolidayAPI" time="0.154"/>
  <testcase classname="com.qa.test.getAPITest" name="GetFeedbackMonthlyAPI" time="0.168"/>
  <testcase classname="com.qa.test.getAPITest" name="GetAttendanceAPI" time="0.142"/>
  <testcase classname="com.qa.test.getAPITest" name="GetManualPunchAPI" time="0.169"/>
  <testcase classname="com.qa.test.getAPITest" name="GetPresentAPI" time="0.157"/>
  <testcase classname="com.qa.test.getAPITest" name="GetAbsentAPI" time="0.175"/>
  <testcase classname="com.qa.test.getAPITest" name="GetHalfDayAPI" time="0.174"/>
</testsuite> <!-- com.qa.test.getAPITest -->
