<?xml version="1.0" encoding="UTF-8"?>
<!-- Generated by org.testng.reporters.JUnitReportReporter -->
<testsuite hostname="LAPTOP-VOJN5C2S" failures="0" tests="7" name="com.qa.test.getAPITest" time="1.796" errors="0" timestamp="10 Jul 2020 13:09:53 GMT" skipped="0">
  <testcase classname="com.qa.test.getAPITest" name="GetLoginAPI" time="0.737"/>
  <testcase classname="com.qa.test.getAPITest" name="GetGeoFencesAPI" time="0.149"/>
  <testcase classname="com.qa.test.getAPITest" name="GetViewCalenderAPI" time="0.267"/>
  <testcase classname="com.qa.test.getAPITest" name="GetOptHolidayAPI" time="0.165"/>
  <testcase classname="com.qa.test.getAPITest" name="GetFeedbackMonthlyAPI" time="0.180"/>
  <testcase classname="com.qa.test.getAPITest" name="GetAttendanceAPI" time="0.140"/>
  <testcase classname="com.qa.test.getAPITest" name="GetManualPunchAPI" time="0.158"/>
</testsuite> <!-- com.qa.test.getAPITest -->
