<?xml version="1.0" encoding="UTF-8"?>
<!-- Generated by org.testng.reporters.JUnitReportReporter -->
<testsuite hostname="LAPTOP-VOJN5C2S" failures="0" tests="5" name="com.qa.test.getAPITest" time="1.462" errors="0" timestamp="10 Jul 2020 09:22:17 GMT" skipped="0">
  <testcase classname="com.qa.test.getAPITest" name="GetLoginAPI" time="0.791"/>
  <testcase classname="com.qa.test.getAPITest" name="GetGeoFencesAPI" time="0.143"/>
  <testcase classname="com.qa.test.getAPITest" name="GetViewCalenderAPI" time="0.238"/>
  <testcase classname="com.qa.test.getAPITest" name="GetOptHolidayAPI" time="0.155"/>
  <testcase classname="com.qa.test.getAPITest" name="GetFeedbackMonthlyAPI" time="0.135"/>
</testsuite> <!-- com.qa.test.getAPITest -->
